#
# A fatal error has been detected by the Java Runtime Environment:
#
#  EXCEPTION_ACCESS_VIOLATION (0xc0000005) at pc=0x6234488e, pid=6072, tid=4236
#
# JRE version: 7.0_05-b05
# Java VM: Java HotSpot(TM) Client VM (23.1-b03 mixed mode, sharing windows-x86 )
# Problematic frame:
# V  [jvm.dll+0x5488e]
#
# Failed to write core dump. Minidumps are not enabled by default on client versions of Windows
#
# If you would like to submit a bug report, please visit:
#   http://bugreport.sun.com/bugreport/crash.jsp
#

---------------  T H R E A D  ---------------

Current thread (0x08742400):  JavaThread "AWT-EventQueue-0" [_thread_in_vm, id=4236, stack(0x08c00000,0x08c50000)]

siginfo: ExceptionCode=0xc0000005, reading address 0x6057487c

Registers:
EAX=0x39d3c520, EBX=0x39d3c520, ECX=0x39233350, EDX=0x6057484c
ESP=0x08c4ec64, EBP=0x08c4ec64, ESI=0x08742400, EDI=0x08c4edd4
EIP=0x6234488e, EFLAGS=0x00010202

Top of Stack: (sp=0x08c4ec64)
0x08c4ec64:   08c4eda4 62344c75 08c4edd4 01edf2c4
0x08c4ec74:   39d39128 39d3c520 08742400 08742400
0x08c4ec84:   01edf2b8 01edf2c4 087489b0 39d3a980
0x08c4ec94:   09d6d081 08c4eda8 62346826 08c4edd8
0x08c4eca4:   01edf2c4 08c4edd8 6231907b 00000001
0x08c4ecb4:   08c4edf0 623190ab 00000001 0000000c
0x08c4ecc4:   6242f62c 00000002 00000020 00000000
0x08c4ecd4:   39d39128 00000029 6242f798 39d3c520 

Instructions: (pc=0x6234488e)
0x6234486e:   c3 89 4e 08 8b 4d 08 89 38 5e 89 01 5f 5d c3 cc
0x6234487e:   cc cc 55 8b ec 8b 45 0c 8b 08 8b 45 14 8b 51 08
0x6234488e:   8b 52 30 53 56 57 83 c1 08 50 8b 45 10 50 ff d2
0x6234489e:   8b f8 85 ff 74 38 8b 45 18 8b b0 ac 00 00 00 83 


Register to memory mapping:

EAX=0x39d3c520 is an unknown value
EBX=0x39d3c520 is an unknown value
ECX=0x39233350 is an oop
{instance class} 
 - klass: {other class}
EDX=0x6057484c is an unknown value
ESP=0x08c4ec64 is pointing into the stack for thread: 0x08742400
EBP=0x08c4ec64 is pointing into the stack for thread: 0x08742400
ESI=0x08742400 is a thread
EDI=0x08c4edd4 is pointing into the stack for thread: 0x08742400


Stack: [0x08c00000,0x08c50000],  sp=0x08c4ec64,  free space=315k
Native frames: (J=compiled Java code, j=interpreted, Vv=VM code, C=native code)
V  [jvm.dll+0x5488e]
V  [jvm.dll+0x54c75]
V  [jvm.dll+0x57d65]
V  [jvm.dll+0x57e30]
V  [jvm.dll+0x53d59]
j  java.awt.Component.processComponentEvent(Ljava/awt/event/ComponentEvent;)V+56
j  java.awt.Component.processEvent(Ljava/awt/AWTEvent;)V+139
j  java.awt.Container.processEvent(Ljava/awt/AWTEvent;)V+18
j  java.awt.Component.dispatchEventImpl(Ljava/awt/AWTEvent;)V+581
j  java.awt.Container.dispatchEventImpl(Ljava/awt/AWTEvent;)V+42
j  java.awt.Component.dispatchEvent(Ljava/awt/AWTEvent;)V+2
j  java.awt.EventQueue.dispatchEventImpl(Ljava/awt/AWTEvent;Ljava/lang/Object;)V+41
j  java.awt.EventQueue.access$000(Ljava/awt/EventQueue;Ljava/awt/AWTEvent;Ljava/lang/Object;)V+3
j  java.awt.EventQueue$3.run()Ljava/lang/Void;+12
j  java.awt.EventQueue$3.run()Ljava/lang/Object;+1
v  ~StubRoutines::call_stub
V  [jvm.dll+0x12964a]
V  [jvm.dll+0x1d851e]
V  [jvm.dll+0x1296cd]
V  [jvm.dll+0xd914a]
C  [java.dll+0x102f]  Java_java_security_AccessController_doPrivileged__Ljava_security_PrivilegedAction_2Ljava_security_AccessControlContext_2+0x17
j  java.security.ProtectionDomain$1.doIntersectionPrivilege(Ljava/security/PrivilegedAction;Ljava/security/AccessControlContext;Ljava/security/AccessControlContext;)Ljava/lang/Object;+28
j  java.security.ProtectionDomain$1.doIntersectionPrivilege(Ljava/security/PrivilegedAction;Ljava/security/AccessControlContext;)Ljava/lang/Object;+6
j  java.awt.EventQueue$4.run()Ljava/lang/Void;+11
j  java.awt.EventQueue$4.run()Ljava/lang/Object;+1
v  ~StubRoutines::call_stub
V  [jvm.dll+0x12964a]
V  [jvm.dll+0x1d851e]
V  [jvm.dll+0x1296cd]
V  [jvm.dll+0xd914a]
C  [java.dll+0x102f]  Java_java_security_AccessController_doPrivileged__Ljava_security_PrivilegedAction_2Ljava_security_AccessControlContext_2+0x17
j  java.security.ProtectionDomain$1.doIntersectionPrivilege(Ljava/security/PrivilegedAction;Ljava/security/AccessControlContext;Ljava/security/AccessControlContext;)Ljava/lang/Object;+28
j  java.awt.EventQueue.dispatchEvent(Ljava/awt/AWTEvent;)V+73
j  java.awt.EventDispatchThread.pumpOneEventForFilters(I)V+245
j  java.awt.EventDispatchThread.pumpEventsForFilter(ILjava/awt/Conditional;Ljava/awt/EventFilter;)V+48
j  java.awt.EventDispatchThread.pumpEventsForHierarchy(ILjava/awt/Conditional;Ljava/awt/Component;)V+11
j  java.awt.EventDispatchThread.pumpEvents(ILjava/awt/Conditional;)V+4
j  java.awt.EventDispatchThread.pumpEvents(Ljava/awt/Conditional;)V+3
j  java.awt.EventDispatchThread.run()V+9
v  ~StubRoutines::call_stub
V  [jvm.dll+0x12964a]
V  [jvm.dll+0x1d851e]
V  [jvm.dll+0x129833]
V  [jvm.dll+0x129897]
V  [jvm.dll+0xd24af]
V  [jvm.dll+0x149977]
V  [jvm.dll+0x149ae0]
V  [jvm.dll+0x17e049]
C  [msvcr100.dll+0x5c6de]  endthreadex+0x3a
C  [msvcr100.dll+0x5c788]  endthreadex+0xe4
C  [kernel32.dll+0x1336a]  BaseThreadInitThunk+0x12
C  [ntdll.dll+0x39f72]  RtlInitializeExceptionChain+0x63
C  [ntdll.dll+0x39f45]  RtlInitializeExceptionChain+0x36

Java frames: (J=compiled Java code, j=interpreted, Vv=VM code)
j  java.awt.Component.processComponentEvent(Ljava/awt/event/ComponentEvent;)V+56
j  java.awt.Component.processEvent(Ljava/awt/AWTEvent;)V+139
j  java.awt.Container.processEvent(Ljava/awt/AWTEvent;)V+18
j  java.awt.Component.dispatchEventImpl(Ljava/awt/AWTEvent;)V+581
j  java.awt.Container.dispatchEventImpl(Ljava/awt/AWTEvent;)V+42
j  java.awt.Component.dispatchEvent(Ljava/awt/AWTEvent;)V+2
j  java.awt.EventQueue.dispatchEventImpl(Ljava/awt/AWTEvent;Ljava/lang/Object;)V+41
j  java.awt.EventQueue.access$000(Ljava/awt/EventQueue;Ljava/awt/AWTEvent;Ljava/lang/Object;)V+3
j  java.awt.EventQueue$3.run()Ljava/lang/Void;+12
j  java.awt.EventQueue$3.run()Ljava/lang/Object;+1
v  ~StubRoutines::call_stub
j  java.security.AccessController.doPrivileged(Ljava/security/PrivilegedAction;Ljava/security/AccessControlContext;)Ljava/lang/Object;+0
j  java.security.ProtectionDomain$1.doIntersectionPrivilege(Ljava/security/PrivilegedAction;Ljava/security/AccessControlContext;Ljava/security/AccessControlContext;)Ljava/lang/Object;+28
j  java.security.ProtectionDomain$1.doIntersectionPrivilege(Ljava/security/PrivilegedAction;Ljava/security/AccessControlContext;)Ljava/lang/Object;+6
j  java.awt.EventQueue$4.run()Ljava/lang/Void;+11
j  java.awt.EventQueue$4.run()Ljava/lang/Object;+1
v  ~StubRoutines::call_stub
j  java.security.AccessController.doPrivileged(Ljava/security/PrivilegedAction;Ljava/security/AccessControlContext;)Ljava/lang/Object;+0
j  java.security.ProtectionDomain$1.doIntersectionPrivilege(Ljava/security/PrivilegedAction;Ljava/security/AccessControlContext;Ljava/security/AccessControlContext;)Ljava/lang/Object;+28
j  java.awt.EventQueue.dispatchEvent(Ljava/awt/AWTEvent;)V+73
j  java.awt.EventDispatchThread.pumpOneEventForFilters(I)V+245
j  java.awt.EventDispatchThread.pumpEventsForFilter(ILjava/awt/Conditional;Ljava/awt/EventFilter;)V+48
j  java.awt.EventDispatchThread.pumpEventsForHierarchy(ILjava/awt/Conditional;Ljava/awt/Component;)V+11
j  java.awt.EventDispatchThread.pumpEvents(ILjava/awt/Conditional;)V+4
j  java.awt.EventDispatchThread.pumpEvents(Ljava/awt/Conditional;)V+3
j  java.awt.EventDispatchThread.run()V+9
v  ~StubRoutines::call_stub

---------------  P R O C E S S  ---------------

Java Threads: ( => current thread )
=>0x08742400 JavaThread "AWT-EventQueue-0" [_thread_in_vm, id=4236, stack(0x08c00000,0x08c50000)]
  0x04909000 JavaThread "AWT-Windows" daemon [_thread_in_native, id=2460, stack(0x04c90000,0x04ce0000)]
  0x04908800 JavaThread "AWT-Shutdown" [_thread_blocked, id=5316, stack(0x04bd0000,0x04c20000)]
  0x04908000 JavaThread "Java2D Disposer" daemon [_thread_blocked, id=5560, stack(0x04a90000,0x04ae0000)]
  0x01eea000 JavaThread "Service Thread" daemon [_thread_blocked, id=2812, stack(0x046e0000,0x04730000)]
  0x01ee5400 JavaThread "C1 CompilerThread0" daemon [_thread_in_native, id=3148, stack(0x045b0000,0x04600000)]
  0x01ee4800 JavaThread "Attach Listener" daemon [_thread_blocked, id=816, stack(0x04150000,0x041a0000)]
  0x01eda000 JavaThread "Signal Dispatcher" daemon [_thread_blocked, id=5628, stack(0x042a0000,0x042f0000)]
  0x01ec4c00 JavaThread "Finalizer" daemon [_thread_blocked, id=5472, stack(0x042f0000,0x04340000)]
  0x01ec3000 JavaThread "Reference Handler" daemon [_thread_blocked, id=4192, stack(0x040d0000,0x04120000)]
  0x0024b400 JavaThread "main" [_thread_in_Java, id=3856, stack(0x00420000,0x00470000)]

Other Threads:
  0x01ec1400 VMThread [stack: 0x04030000,0x04080000] [id=5324]
  0x01ef4000 WatcherThread [stack: 0x04770000,0x047c0000] [id=1500]

VM state:not at safepoint (normal execution)

VM Mutex/Monitor currently owned by a thread: None

Heap
 def new generation   total 4928K, used 2991K [0x246e0000, 0x24c30000, 0x29c30000)
  eden space 4416K,  67% used [0x246e0000, 0x249cbdb8, 0x24b30000)
  from space 512K,   0% used [0x24b30000, 0x24b30000, 0x24bb0000)
  to   space 512K,   0% used [0x24bb0000, 0x24bb0000, 0x24c30000)
 tenured generation   total 10944K, used 0K [0x29c30000, 0x2a6e0000, 0x346e0000)
   the space 10944K,   0% used [0x29c30000, 0x29c30000, 0x29c30200, 0x2a6e0000)
 compacting perm gen  total 12288K, used 1546K [0x346e0000, 0x352e0000, 0x386e0000)
   the space 12288K,  12% used [0x346e0000, 0x34862bb8, 0x34862c00, 0x352e0000)
    ro space 10240K,  42% used [0x386e0000, 0x38b1e580, 0x38b1e600, 0x390e0000)
    rw space 12288K,  54% used [0x390e0000, 0x3975f128, 0x3975f200, 0x39ce0000)

Code Cache  [0x01f10000, 0x01fd0000, 0x03f10000)
 total_blobs=284 nmethods=89 adapters=130 free_code_cache=32016Kb largest_free_block=32784768

Compilation events (10 events):
Event: 0.209 Thread 0x01ee5400   61             sun.reflect.ByteVectorImpl::add (38 bytes)
Event: 0.210 Thread 0x01ee5400 nmethod 61 0x01fc29c8 code [0x01fc2ad0, 0x01fc2bbc]
Event: 0.212 Thread 0x01ee5400   63             sun.awt.AppContext::getAppContext (80 bytes)
Event: 0.213 Thread 0x01ee5400 nmethod 63 0x01fc2f48 code [0x01fc30b0, 0x01fc340c]
Event: 0.213 Thread 0x01ee5400   64   !         sun.awt.AppContext::get (121 bytes)
Event: 0.213 Thread 0x01ee5400 nmethod 64 0x01fc3708 code [0x01fc3820, 0x01fc3bfc]
Event: 0.213 Thread 0x01ee5400   65             java.lang.String::<init> (72 bytes)
Event: 0.213 Thread 0x01ee5400 nmethod 65 0x01fc3e08 code [0x01fc3f40, 0x01fc4180]
Event: 0.213 Thread 0x01ee5400   66             java.util.Arrays::copyOfRange (63 bytes)
Event: 0.214 Thread 0x01ee5400 nmethod 66 0x01fc4348 code [0x01fc44a0, 0x01fc4838]

GC Heap History (0 events):
No events

Deoptimization events (0 events):
No events

Internal exceptions (10 events):
Event: 0.042 Thread 0x0024b400 Threw 0x2474f6d0 at C:\jdk7u5_32P\jdk7u5\hotspot\src\share\vm\prims\jvm.cpp:1166
Event: 0.077 Thread 0x0024b400 Threw 0x2480a090 at C:\jdk7u5_32P\jdk7u5\hotspot\src\share\vm\prims\jvm.cpp:1166
Event: 0.077 Thread 0x0024b400 Threw 0x2480ac70 at C:\jdk7u5_32P\jdk7u5\hotspot\src\share\vm\prims\jvm.cpp:1166
Event: 0.079 Thread 0x0024b400 Threw 0x2480cb80 at C:\jdk7u5_32P\jdk7u5\hotspot\src\share\vm\prims\jni.cpp:715
Event: 0.079 Thread 0x0024b400 Threw 0x2480d378 at C:\jdk7u5_32P\jdk7u5\hotspot\src\share\vm\prims\jni.cpp:715
Event: 0.100 Thread 0x0024b400 Threw 0x24859ef0 at C:\jdk7u5_32P\jdk7u5\hotspot\src\share\vm\prims\jni.cpp:715
Event: 0.101 Thread 0x0024b400 Threw 0x2485cdf8 at C:\jdk7u5_32P\jdk7u5\hotspot\src\share\vm\prims\jvm.cpp:1166
Event: 0.102 Thread 0x0024b400 Threw 0x2485ddd0 at C:\jdk7u5_32P\jdk7u5\hotspot\src\share\vm\prims\jvm.cpp:1166
Event: 0.102 Thread 0x0024b400 Threw 0x24860910 at C:\jdk7u5_32P\jdk7u5\hotspot\src\share\vm\prims\jvm.cpp:1166
Event: 0.102 Thread 0x0024b400 Threw 0x248618e8 at C:\jdk7u5_32P\jdk7u5\hotspot\src\share\vm\prims\jvm.cpp:1166

Events (10 events):
Event: 0.211 loading class 0x39d84e70
Event: 0.211 loading class 0x39d84e70 done
Event: 0.211 loading class 0x39d8a740
Event: 0.211 loading class 0x39d8a740 done
Event: 0.212 loading class 0x39d84be0
Event: 0.212 loading class 0x39d84be0 done
Event: 0.212 loading class 0x39d20b90
Event: 0.212 loading class 0x39d20b90 done
Event: 0.220 loading class 0x39d84c08
Event: 0.220 loading class 0x39d84c08 done


Dynamic libraries:
0x00260000 - 0x0028f000 	C:\Program Files (x86)\Java\jre7\bin\javaw.exe
0x76f00000 - 0x77080000 	C:\Windows\SysWOW64\ntdll.dll
0x76150000 - 0x76260000 	C:\Windows\syswow64\kernel32.dll
0x764f0000 - 0x76537000 	C:\Windows\syswow64\KERNELBASE.dll
0x749f0000 - 0x74a90000 	C:\Windows\syswow64\ADVAPI32.dll
0x76a50000 - 0x76afc000 	C:\Windows\syswow64\msvcrt.dll
0x74dc0000 - 0x74dd9000 	C:\Windows\SysWOW64\sechost.dll
0x76960000 - 0x76a50000 	C:\Windows\syswow64\RPCRT4.dll
0x74920000 - 0x74980000 	C:\Windows\syswow64\SspiCli.dll
0x74910000 - 0x7491c000 	C:\Windows\syswow64\CRYPTBASE.dll
0x766c0000 - 0x767c0000 	C:\Windows\syswow64\USER32.dll
0x74e60000 - 0x74ef0000 	C:\Windows\syswow64\GDI32.dll
0x74f90000 - 0x74f9a000 	C:\Windows\syswow64\LPK.dll
0x74ef0000 - 0x74f8d000 	C:\Windows\syswow64\USP10.dll
0x6dc60000 - 0x6ddfe000 	C:\Windows\WinSxS\x86_microsoft.windows.common-controls_6595b64144ccf1df_6.0.7601.17514_none_41e6975e2bd6f2b2\COMCTL32.dll
0x76660000 - 0x766b7000 	C:\Windows\syswow64\SHLWAPI.dll
0x765d0000 - 0x76630000 	C:\Windows\system32\IMM32.DLL
0x76260000 - 0x7632c000 	C:\Windows\syswow64\MSCTF.dll
0x62640000 - 0x626fe000 	C:\Program Files (x86)\Java\jre7\bin\msvcr100.dll
0x622f0000 - 0x6263a000 	C:\Program Files (x86)\Java\jre7\bin\client\jvm.dll
0x72e00000 - 0x72e07000 	C:\Windows\system32\WSOCK32.dll
0x76330000 - 0x76365000 	C:\Windows\syswow64\WS2_32.dll
0x74fb0000 - 0x74fb6000 	C:\Windows\syswow64\NSI.dll
0x72d90000 - 0x72dc2000 	C:\Windows\system32\WINMM.dll
0x74fa0000 - 0x74fa5000 	C:\Windows\syswow64\PSAPI.DLL
0x63d60000 - 0x63d6c000 	C:\Program Files (x86)\Java\jre7\bin\verify.dll
0x63d40000 - 0x63d60000 	C:\Program Files (x86)\Java\jre7\bin\java.dll
0x63d20000 - 0x63d33000 	C:\Program Files (x86)\Java\jre7\bin\zip.dll
0x621a0000 - 0x622e2000 	C:\Program Files (x86)\Java\jre7\bin\awt.dll
0x76540000 - 0x765cf000 	C:\Windows\syswow64\OLEAUT32.dll
0x75ff0000 - 0x7614c000 	C:\Windows\syswow64\ole32.dll
0x71880000 - 0x71900000 	C:\Windows\system32\uxtheme.dll
0x71bd0000 - 0x71be3000 	C:\Windows\system32\dwmapi.dll
0x75020000 - 0x75c6a000 	C:\Windows\syswow64\SHELL32.dll
0x62170000 - 0x6219a000 	C:\Program Files (x86)\Java\jre7\bin\fontmanager.dll
0x716a0000 - 0x71863000 	C:\Windows\system32\d3d9.dll
0x72f40000 - 0x72f49000 	C:\Windows\system32\VERSION.dll
0x71870000 - 0x71876000 	C:\Windows\system32\d3d8thk.dll
0x741c0000 - 0x742af000 	C:\Windows\system32\aticfx32.dll
0x741a0000 - 0x741b9000 	C:\Windows\system32\atiu9pag.dll
0x73be0000 - 0x74199000 	C:\Windows\system32\atiumdag.dll
0x73740000 - 0x73b86000 	C:\Windows\system32\atiumdva.dll
0x62150000 - 0x62164000 	C:\Program Files (x86)\Java\jre7\bin\net.dll
0x72a60000 - 0x72a9c000 	C:\Windows\system32\mswsock.dll
0x6fba0000 - 0x6fba6000 	C:\Windows\System32\wship6.dll
0x62140000 - 0x6214f000 	C:\Program Files (x86)\Java\jre7\bin\nio.dll
0x62100000 - 0x62131000 	C:\Program Files (x86)\Java\jre7\bin\t2k.dll
0x6c710000 - 0x6c7fb000 	C:\Windows\system32\dbghelp.dll

VM Arguments:
java_command: C:\Users\Therion\workspace\ConfigSystemGUI\ConfigSystemGUI.jar demo_ui.xml
Launcher Type: SUN_STANDARD

Environment Variables:
JAVA_HOME=C:\Program Files (x86)\Java\jdk1.7.0_01
CLASSPATH=.;C:\Program Files (x86)\Java\jre7\lib\ext\QTJava.zip
PATH=C:\Program Files (x86)\AMD APP\bin\x86_64;C:\Program Files (x86)\AMD APP\bin\x86;E:\Miktex\installation\miktex\bin;C:\Windows\system32;C:\Windows;C:\Windows\System32\Wbem;C:\Windows\System32\WindowsPowerShell\v1.0\;C:\Program Files (x86)\Java\jre6\bin;C:\Program Files (x86)\Microsoft SQL Server\100\Tools\Binn\;C:\Program Files\Microsoft SQL Server\100\Tools\Binn\;C:\Program Files\Microsoft SQL Server\100\DTS\Binn\;C:\Program Files (x86)\Common Files\Teleca Shared;C:\Program Files\Microsoft Windows Performance Toolkit\;C:\Program Files (x86)\Microsoft ASP.NET\ASP.NET Web Pages\v1.0\;C:\Program Files\Microsoft SQL Server\110\Tools\Binn\;C:\Program Files (x86)\GtkSharp\2.12\bin;C:\Program Files\Perforce;C:\Program Files (x86)\ATI Technologies\ATI.ACE\Core-Static;C:\Program Files (x86)\Visual Leak Detector\bin\Win32;C:\Program Files (x86)\Visual Leak Detector\bin\Win64;C:\Program Files\doxygen\bin;C:\Program Files\Microsoft\Web Platform Installer\;C:\Program Files (x86)\Windows Kits\8.0\Windows Performance Toolkit\;C:\Program Files (x86)\QuickTime\QTSystem\;C:\Program Files\TortoiseSVN\bin
USERNAME=Therion
OS=Windows_NT
PROCESSOR_IDENTIFIER=AMD64 Family 16 Model 4 Stepping 3, AuthenticAMD



---------------  S Y S T E M  ---------------

OS: Windows 7 , 64 bit Build 7601 Service Pack 1

CPU:total 4 (4 cores per cpu, 1 threads per core) family 16 model 4 stepping 3, cmov, cx8, fxsr, mmx, sse, sse2, sse3, popcnt, mmxext, 3dnowpref, lzcnt, sse4a, tsc, tscinvbit, tscinv

Memory: 4k page, physical 4193656k(1912048k free), swap 8385448k(5166244k free)

vm_info: Java HotSpot(TM) Client VM (23.1-b03) for windows-x86 JRE (1.7.0_05-b05), built on May 15 2012 18:11:27 by "java_re" with unknown MS VC++:1600

time: Mon Nov 11 19:00:47 2013
elapsed time: 0 seconds

